<?xml version="1.0" encoding="UTF-8"?>
<!-- Generated by org.testng.reporters.JUnitReportReporter -->
<testsuite hostname="Mokshi" failures="0" tests="1" name="com.sampleJenkins.jenikns.orangehrm" time="6.391" errors="0" timestamp="2024-09-19T00:15:02 CDT" skipped="0">
  <testcase classname="com.sampleJenkins.jenikns.orangehrm" name="login" time="6.391"/>
</testsuite> <!-- com.sampleJenkins.jenikns.orangehrm -->
