<?xml version="1.0" encoding="UTF-8"?>
<!-- Generated by org.testng.reporters.JUnitReportReporter -->
<testsuite hostname="Mokshi" failures="0" tests="1" name="com.sampleJenkins.jenikns.orangehrm" time="5.369" errors="0" timestamp="2024-09-18T23:26:31 CDT" skipped="0">
  <testcase classname="com.sampleJenkins.jenikns.orangehrm" name="login" time="5.369"/>
</testsuite> <!-- com.sampleJenkins.jenikns.orangehrm -->
